<?xml version="1.0" encoding="UTF-8"?>
<coverage generated="1654998914552" clover="3.2.0">
  <project timestamp="1654998914553" name="All files">
    <metrics statements="6" coveredstatements="6" conditionals="0" coveredconditionals="0" methods="0" coveredmethods="0" elements="6" coveredelements="6" complexity="0" loc="6" ncloc="6" packages="2" files="3" classes="3"/>
    <package name="components">
      <metrics statements="2" coveredstatements="2" conditionals="0" coveredconditionals="0" methods="0" coveredmethods="0"/>
      <file name="Calculator.vue" path="/Users/mike/Documents/Development/block-productdevexercises/components/Calculator.vue">
        <metrics statements="1" coveredstatements="1" conditionals="0" coveredconditionals="0" methods="0" coveredmethods="0"/>
        <line num="22" count="1" type="stmt"/>
      </file>
      <file name="ToDos.vue" path="/Users/mike/Documents/Development/block-productdevexercises/components/ToDos.vue">
        <metrics statements="1" coveredstatements="1" conditionals="0" coveredconditionals="0" methods="0" coveredmethods="0"/>
        <line num="17" count="1" type="stmt"/>
      </file>
    </package>
    <package name="pages">
      <metrics statements="4" coveredstatements="4" conditionals="0" coveredconditionals="0" methods="0" coveredmethods="0"/>
      <file name="index.vue" path="/Users/mike/Documents/Development/block-productdevexercises/pages/index.vue">
        <metrics statements="4" coveredstatements="4" conditionals="0" coveredconditionals="0" methods="0" coveredmethods="0"/>
        <line num="39" count="1" type="stmt"/>
        <line num="40" count="1" type="stmt"/>
        <line num="41" count="1" type="stmt"/>
        <line num="42" count="1" type="stmt"/>
      </file>
    </package>
  </project>
</coverage>
