{"/Users/mike/Documents/Development/block-productdevexercises/components/Calculator.vue": {"path":"/Users/mike/Documents/Development/block-productdevexercises/components/Calculator.vue","statementMap":{"0":{"start":{"line":22,"column":0},"end":{"line":22,"column":null}}},"fnMap":{},"branchMap":{},"s":{"0":1},"f":{},"b":{}}
,"/Users/mike/Documents/Development/block-productdevexercises/components/ToDos.vue": {"path":"/Users/mike/Documents/Development/block-productdevexercises/components/ToDos.vue","statementMap":{"0":{"start":{"line":17,"column":0},"end":{"line":17,"column":null}}},"fnMap":{},"branchMap":{},"s":{"0":1},"f":{},"b":{}}
,"/Users/mike/Documents/Development/block-productdevexercises/pages/index.vue": {"path":"/Users/mike/Documents/Development/block-productdevexercises/pages/index.vue","statementMap":{"0":{"start":{"line":39,"column":0},"end":{"line":39,"column":null}},"1":{"start":{"line":40,"column":0},"end":{"line":40,"column":null}},"2":{"start":{"line":41,"column":0},"end":{"line":41,"column":null}},"3":{"start":{"line":42,"column":0},"end":{"line":42,"column":null}}},"fnMap":{},"branchMap":{},"s":{"0":1,"1":1,"2":1,"3":1},"f":{},"b":{}}
}
