{"/Users/mike/Documents/Development/block-productdevexercises/components/Calculator.vue": {"path":"/Users/mike/Documents/Development/block-productdevexercises/components/Calculator.vue","statementMap":{"0":{"start":{"line":23,"column":0},"end":{"line":23,"column":null}}},"fnMap":{},"branchMap":{},"s":{"0":1},"f":{},"b":{}}
,"/Users/mike/Documents/Development/block-productdevexercises/components/HeaderBar.vue": {"path":"/Users/mike/Documents/Development/block-productdevexercises/components/HeaderBar.vue","statementMap":{"0":{"start":{"line":17,"column":0},"end":{"line":17,"column":null}}},"fnMap":{},"branchMap":{},"s":{"0":1},"f":{},"b":{}}
,"/Users/mike/Documents/Development/block-productdevexercises/components/ToDos.vue": {"path":"/Users/mike/Documents/Development/block-productdevexercises/components/ToDos.vue","statementMap":{"0":{"start":{"line":20,"column":0},"end":{"line":20,"column":null}}},"fnMap":{},"branchMap":{},"s":{"0":1},"f":{},"b":{}}
,"/Users/mike/Documents/Development/block-productdevexercises/pages/index.vue": {"path":"/Users/mike/Documents/Development/block-productdevexercises/pages/index.vue","statementMap":{"0":{"start":{"line":28,"column":0},"end":{"line":28,"column":null}},"1":{"start":{"line":29,"column":0},"end":{"line":29,"column":null}},"2":{"start":{"line":30,"column":0},"end":{"line":30,"column":null}},"3":{"start":{"line":31,"column":0},"end":{"line":31,"column":null}},"4":{"start":{"line":32,"column":0},"end":{"line":32,"column":null}}},"fnMap":{},"branchMap":{},"s":{"0":1,"1":1,"2":1,"3":1,"4":1},"f":{},"b":{}}
}
